<?xml version="1.0" encoding="UTF-8"?>
<!-- Generated by org.testng.reporters.JUnitReportReporter -->
<testsuite hostname="Ant-KuldeepSingh-ATR1063" failures="0" tests="1" name="testUtility.BaseTest" time="0.003" errors="0" timestamp="2024-09-05T15:06:48 IST" skipped="0">
  <testcase classname="testUtility.BaseTest" name="getRespectiveDateRangeForLastWeek" time="0.003"/>
  <system-out/>
</testsuite> <!-- testUtility.BaseTest -->
