<?xml version="1.0" encoding="UTF-8"?>
<!-- Generated by org.testng.reporters.JUnitReportReporter -->
<testsuite hostname="Ant-KuldeepSingh-ATR1063" failures="0" tests="3" name="tests.SignUpUserOnboardingTest" time="50.621" errors="0" timestamp="2024-09-25T11:08:37 IST" skipped="0">
  <testcase classname="tests.SignUpUserOnboardingTest" name="toVerifyAddWebsite" time="7.892"/>
  <system-out/>
  <testcase classname="tests.SignUpUserOnboardingTest" name="toVerifyCreateHydroWallet" time="4.682"/>
  <system-out/>
  <testcase classname="tests.SignUpUserOnboardingTest" name="toVerifySignUpUsingEmail" time="38.047"/>
  <system-out/>
</testsuite> <!-- tests.SignUpUserOnboardingTest -->
