<?xml version="1.0" encoding="UTF-8"?>
<!-- Generated by org.testng.reporters.JUnitReportReporter -->
<testsuite hostname="Ant-KuldeepSingh-ATR1063" failures="0" tests="1" name="tests.SignInTest" time="13.746" errors="0" timestamp="2024-10-23T11:57:47 IST" skipped="0">
  <testcase classname="tests.SignInTest" name="toVerifyLoginUsingEmail" time="13.746"/>
  <system-out/>
</testsuite> <!-- tests.SignInTest -->
