<?xml version="1.0" encoding="UTF-8"?>
<!-- Generated by org.testng.reporters.JUnitReportReporter -->
<testsuite hostname="Ant-KuldeepSingh-ATR1063" failures="0" tests="3" name="tests.ResetPasswordTest" time="47.517" errors="0" timestamp="2024-09-25T12:54:28 IST" skipped="0">
  <testcase classname="tests.ResetPasswordTest" name="toVerifyLoginUsingOldPassword" time="15.429"/>
  <system-out/>
  <testcase classname="tests.ResetPasswordTest" name="toVerifyNewPassword" time="9.995"/>
  <system-out/>
  <testcase classname="tests.ResetPasswordTest" name="toVerifySetNewPassword" time="22.093"/>
  <system-out/>
</testsuite> <!-- tests.ResetPasswordTest -->
