<?xml version="1.0" encoding="UTF-8"?>
<!-- Generated by org.testng.reporters.JUnitReportReporter -->
<testsuite hostname="Ant-KuldeepSingh-ATR1063" failures="0" tests="3" name="tests.ChangePasswordTest" time="51.455" errors="0" timestamp="2024-10-01T10:07:06 IST" skipped="0">
  <testcase classname="tests.ChangePasswordTest" name="toVerifySetNewPassword" time="23.851"/>
  <system-out/>
  <testcase classname="tests.ChangePasswordTest" name="toVerifyLoginUsingOldPassword" time="16.223"/>
  <system-out/>
  <testcase classname="tests.ChangePasswordTest" name="toVerifyNewPassword" time="11.381"/>
  <system-out/>
</testsuite> <!-- tests.ChangePasswordTest -->
