<?xml version="1.0" encoding="UTF-8"?>
<!-- Generated by org.testng.reporters.JUnitReportReporter -->
<testsuite hostname="Ant-KuldeepSingh-ATR1063" failures="0" tests="1" name="tests.VerifyPingsResponsesTest" time="1.457" errors="0" timestamp="2024-07-29T13:11:57 IST" skipped="0">
  <testcase classname="tests.VerifyPingsResponsesTest" name="toVerifyPingResponse" time="1.457"/>
  <system-out/>
</testsuite> <!-- tests.VerifyPingsResponsesTest -->
