<?xml version="1.0" encoding="UTF-8"?>
<!-- Generated by org.testng.reporters.JUnitReportReporter -->
<testsuite hostname="Ant-KuldeepSingh-ATR1063" failures="0" tests="1" name="tests.LoginTest" time="7.793" errors="0" timestamp="2024-07-29T11:45:46 IST" skipped="0">
  <testcase classname="tests.LoginTest" name="toVerifyLoginUsingEmail" time="7.793"/>
  <system-out/>
</testsuite> <!-- tests.LoginTest -->
